0 info it worked if it ends with ok
1 verbose cli [ 'C:\\Program Files\\nodejs\\node.exe',
1 verbose cli   'C:\\Program Files\\nodejs\\node_modules\\npm\\bin\\npm-cli.js',
1 verbose cli   'install',
1 verbose cli   'cookie-parser',
1 verbose cli   '--save' ]
2 info using npm@2.14.2
3 info using node@v4.0.0
4 verbose install initial load of C:\Nirmal\Trials\GitHubs\HelloExpress\package.json
5 verbose installManyTop reading scoped package data from C:\Nirmal\Trials\GitHubs\HelloExpress\node_modules\body-parser\package.json
6 verbose installManyTop reading scoped package data from C:\Nirmal\Trials\GitHubs\HelloExpress\node_modules\express\package.json
7 verbose readDependencies loading dependencies from C:\Nirmal\Trials\GitHubs\HelloExpress\package.json
8 silly cache add args [ 'cookie-parser', null ]
9 verbose cache add spec cookie-parser
10 silly cache add parsed spec Result {
10 silly cache add   raw: 'cookie-parser',
10 silly cache add   scope: null,
10 silly cache add   name: 'cookie-parser',
10 silly cache add   rawSpec: '',
10 silly cache add   spec: '*',
10 silly cache add   type: 'range' }
11 silly addNamed cookie-parser@*
12 verbose addNamed "*" is a valid semver range for cookie-parser
13 silly addNameRange { name: 'cookie-parser', range: '*', hasData: false }
14 silly mapToRegistry name cookie-parser
15 silly mapToRegistry using default registry
16 silly mapToRegistry registry https://registry.npmjs.org/
17 silly mapToRegistry uri https://registry.npmjs.org/cookie-parser
18 verbose addNameRange registry:https://registry.npmjs.org/cookie-parser not in flight; fetching
19 verbose request uri https://registry.npmjs.org/cookie-parser
20 verbose request no auth needed
21 info attempt registry request try #1 at 11:06:00 PM
22 verbose request id 6d355c84a2732191
23 verbose etag "2T28IXNBXT148HS01Q5S83V1Q"
24 http request GET https://registry.npmjs.org/cookie-parser
25 info retry will retry, error on last attempt: Error: tunneling socket could not be established, cause=connect ETIMEDOUT 3.87.248.1:88
26 info attempt registry request try #2 at 11:06:32 PM
27 verbose etag "2T28IXNBXT148HS01Q5S83V1Q"
28 http request GET https://registry.npmjs.org/cookie-parser
29 info retry will retry, error on last attempt: Error: tunneling socket could not be established, cause=connect ETIMEDOUT 3.87.248.1:88
30 info attempt registry request try #3 at 11:07:53 PM
31 verbose etag "2T28IXNBXT148HS01Q5S83V1Q"
32 http request GET https://registry.npmjs.org/cookie-parser
33 silly get cb [ 304, undefined ]
34 verbose etag https://registry.npmjs.org/cookie-parser from cache
35 verbose get saving cookie-parser to C:\Users\nirmal\AppData\Roaming\npm-cache\registry.npmjs.org\cookie-parser\.cache.json
36 silly addNameRange number 2 { name: 'cookie-parser', range: '*', hasData: true }
37 silly addNameRange versions [ 'cookie-parser',
37 silly addNameRange   [ '1.0.0',
37 silly addNameRange     '1.0.1',
37 silly addNameRange     '1.1.0',
37 silly addNameRange     '1.2.0',
37 silly addNameRange     '1.3.0',
37 silly addNameRange     '1.3.1',
37 silly addNameRange     '1.3.2',
37 silly addNameRange     '1.3.3',
37 silly addNameRange     '1.3.4',
37 silly addNameRange     '1.3.5',
37 silly addNameRange     '1.4.0',
37 silly addNameRange     '1.4.1' ] ]
38 silly addNamed cookie-parser@1.4.1
39 verbose addNamed "1.4.1" is a plain semver version for cookie-parser
40 silly mapToRegistry name cookie-parser
41 silly mapToRegistry using default registry
42 silly mapToRegistry registry https://registry.npmjs.org/
43 silly mapToRegistry uri https://registry.npmjs.org/cookie-parser
44 verbose addRemoteTarball https://registry.npmjs.org/cookie-parser/-/cookie-parser-1.4.1.tgz not in flight; adding
45 verbose addRemoteTarball [ 'https://registry.npmjs.org/cookie-parser/-/cookie-parser-1.4.1.tgz',
45 verbose addRemoteTarball   '6b0ee6a8dec27a063af42d188a592cc1d72ba4f4' ]
46 info retry fetch attempt 1 at 11:08:14 PM
47 info attempt registry request try #1 at 11:08:14 PM
48 http fetch GET https://registry.npmjs.org/cookie-parser/-/cookie-parser-1.4.1.tgz
49 info retry will retry, error on last attempt: Error: tunneling socket could not be established, cause=connect ETIMEDOUT 3.87.248.1:88
50 info attempt registry request try #2 at 11:08:45 PM
51 http fetch GET https://registry.npmjs.org/cookie-parser/-/cookie-parser-1.4.1.tgz
52 info retry will retry, error on last attempt: Error: tunneling socket could not be established, cause=connect ETIMEDOUT 3.87.248.1:88
53 info attempt registry request try #3 at 11:10:06 PM
54 http fetch GET https://registry.npmjs.org/cookie-parser/-/cookie-parser-1.4.1.tgz
55 error fetch failed https://registry.npmjs.org/cookie-parser/-/cookie-parser-1.4.1.tgz
56 warn retry will retry, error on last attempt: Error: tunneling socket could not be established, cause=connect ETIMEDOUT 3.87.248.1:88
57 info retry fetch attempt 2 at 11:10:37 PM
58 info attempt registry request try #1 at 11:10:37 PM
59 http fetch GET https://registry.npmjs.org/cookie-parser/-/cookie-parser-1.4.1.tgz
60 info retry will retry, error on last attempt: Error: tunneling socket could not be established, cause=connect ETIMEDOUT 3.87.248.1:88
61 info attempt registry request try #2 at 11:11:08 PM
62 http fetch GET https://registry.npmjs.org/cookie-parser/-/cookie-parser-1.4.1.tgz
63 info retry will retry, error on last attempt: Error: tunneling socket could not be established, cause=connect ETIMEDOUT 3.87.248.1:88
64 info attempt registry request try #3 at 11:12:29 PM
65 http fetch GET https://registry.npmjs.org/cookie-parser/-/cookie-parser-1.4.1.tgz
66 error fetch failed https://registry.npmjs.org/cookie-parser/-/cookie-parser-1.4.1.tgz
67 warn retry will retry, error on last attempt: Error: tunneling socket could not be established, cause=connect ETIMEDOUT 3.87.248.1:88
68 info retry fetch attempt 3 at 11:13:50 PM
69 info attempt registry request try #1 at 11:13:50 PM
70 http fetch GET https://registry.npmjs.org/cookie-parser/-/cookie-parser-1.4.1.tgz
71 info retry will retry, error on last attempt: Error: tunneling socket could not be established, cause=connect ETIMEDOUT 3.87.248.1:88
72 info attempt registry request try #2 at 11:14:21 PM
73 http fetch GET https://registry.npmjs.org/cookie-parser/-/cookie-parser-1.4.1.tgz
74 info retry will retry, error on last attempt: Error: tunneling socket could not be established, cause=connect ETIMEDOUT 3.87.248.1:88
75 info attempt registry request try #3 at 11:15:42 PM
76 http fetch GET https://registry.npmjs.org/cookie-parser/-/cookie-parser-1.4.1.tgz
77 error fetch failed https://registry.npmjs.org/cookie-parser/-/cookie-parser-1.4.1.tgz
78 verbose stack Error: tunneling socket could not be established, cause=connect ETIMEDOUT 3.87.248.1:88
78 verbose stack     at ClientRequest.onError (C:\Program Files\nodejs\node_modules\npm\node_modules\request\node_modules\tunnel-agent\index.js:174:17)
78 verbose stack     at ClientRequest.g (events.js:260:16)
78 verbose stack     at emitOne (events.js:77:13)
78 verbose stack     at ClientRequest.emit (events.js:169:7)
78 verbose stack     at Socket.socketErrorListener (_http_client.js:259:9)
78 verbose stack     at emitOne (events.js:77:13)
78 verbose stack     at Socket.emit (events.js:169:7)
78 verbose stack     at emitErrorNT (net.js:1250:8)
78 verbose stack     at doNTCallback2 (node.js:429:9)
78 verbose stack     at process._tickCallback (node.js:343:17)
79 verbose cwd C:\Nirmal\Trials\GitHubs\HelloExpress
80 error Windows_NT 6.1.7601
81 error argv "C:\\Program Files\\nodejs\\node.exe" "C:\\Program Files\\nodejs\\node_modules\\npm\\bin\\npm-cli.js" "install" "cookie-parser" "--save"
82 error node v4.0.0
83 error npm  v2.14.2
84 error code ECONNRESET
85 error network tunneling socket could not be established, cause=connect ETIMEDOUT 3.87.248.1:88
85 error network This is most likely not a problem with npm itself
85 error network and is related to network connectivity.
85 error network In most cases you are behind a proxy or have bad network settings.
85 error network
85 error network If you are behind a proxy, please make sure that the
85 error network 'proxy' config is set properly.  See: 'npm help config'
86 verbose exit [ 1, true ]
